0 info it worked if it ends with ok
1 verbose cli [ '/Users/mokob/.nvm/versions/node/v4.0.0/bin/node',
1 verbose cli   '/Users/mokob/.nvm/versions/node/v4.0.0/bin/npm',
1 verbose cli   'start' ]
2 info using npm@4.0.2
3 info using node@v4.0.0
4 verbose run-script [ 'prestart', 'start', 'poststart' ]
5 info lifecycle directions-transit-frontend@0.4.0~prestart: directions-transit-frontend@0.4.0
6 silly lifecycle directions-transit-frontend@0.4.0~prestart: no script for prestart, continuing
7 info lifecycle directions-transit-frontend@0.4.0~start: directions-transit-frontend@0.4.0
8 verbose lifecycle directions-transit-frontend@0.4.0~start: unsafe-perm in lifecycle true
9 verbose lifecycle directions-transit-frontend@0.4.0~start: PATH: /Users/mokob/.nvm/versions/node/v4.0.0/lib/node_modules/npm/bin/node-gyp-bin:/Users/mokob/git/directions-transit/frontends/eap/node_modules/.bin:/opt/local/bin:/opt/local/sbin:/Users/mokob/.nvm/versions/node/v4.0.0/bin:/opt/local/bin:/opt/local/sbin:/usr/local/opt/ruby/bin:/usr/local/bin:/usr/bin:/bin:/usr/sbin:/sbin
10 verbose lifecycle directions-transit-frontend@0.4.0~start: CWD: /Users/mokob/git/directions-transit/frontends/eap
11 silly lifecycle directions-transit-frontend@0.4.0~start: Args: [ '-c', 'npm run build && npm run start-index' ]
12 silly lifecycle directions-transit-frontend@0.4.0~start: Returned: code: 1  signal: null
13 info lifecycle directions-transit-frontend@0.4.0~start: Failed to exec start script
14 verbose stack Error: directions-transit-frontend@0.4.0 start: `npm run build && npm run start-index`
14 verbose stack Exit status 1
14 verbose stack     at EventEmitter.<anonymous> (/Users/mokob/.nvm/versions/node/v4.0.0/lib/node_modules/npm/lib/utils/lifecycle.js:279:16)
14 verbose stack     at emitTwo (events.js:87:13)
14 verbose stack     at EventEmitter.emit (events.js:172:7)
14 verbose stack     at ChildProcess.<anonymous> (/Users/mokob/.nvm/versions/node/v4.0.0/lib/node_modules/npm/lib/utils/spawn.js:40:14)
14 verbose stack     at emitTwo (events.js:87:13)
14 verbose stack     at ChildProcess.emit (events.js:172:7)
14 verbose stack     at maybeClose (internal/child_process.js:817:16)
14 verbose stack     at Process.ChildProcess._handle.onexit (internal/child_process.js:211:5)
15 verbose pkgid directions-transit-frontend@0.4.0
16 verbose cwd /Users/mokob/git/directions-transit/frontends/eap/src
17 error Darwin 16.4.0
18 error argv "/Users/mokob/.nvm/versions/node/v4.0.0/bin/node" "/Users/mokob/.nvm/versions/node/v4.0.0/bin/npm" "start"
19 error node v4.0.0
20 error npm  v4.0.2
21 error code ELIFECYCLE
22 error directions-transit-frontend@0.4.0 start: `npm run build && npm run start-index`
22 error Exit status 1
23 error Failed at the directions-transit-frontend@0.4.0 start script 'npm run build && npm run start-index'.
23 error Make sure you have the latest version of node.js and npm installed.
23 error If you do, this is most likely a problem with the directions-transit-frontend package,
23 error not with npm itself.
23 error Tell the author that this fails on your system:
23 error     npm run build && npm run start-index
23 error You can get information on how to open an issue for this project with:
23 error     npm bugs directions-transit-frontend
23 error Or if that isn't available, you can get their info via:
23 error     npm owner ls directions-transit-frontend
23 error There is likely additional logging output above.
24 verbose exit [ 1, true ]
